Build started 2/15/2015 12:22:34 PM.
     1>Project "C:\Users\DAnnTheMann\Documents\Visual Studio 2013\Projects\Chrome\src\sandbox\win\sandbox_poc\pocdll\pocdll.vcxproj" on node 4 (Build target(s)).
     1>ClCompile:
         C:\Program Files (x86)\Microsoft Visual Studio 12.0\VC\bin\CL.exe /c /Zi /nologo /W1 /WX- /O2 /Oy- /D POCDLL_EXPORTS /D _WINDLL /Gm- /EHsc /MD /GS /fp:precise /Zc:wchar_t /Zc:forScope /Yc"stdafx.h" /Fp"Debug\pocdll.pch" /Fo"Debug\\" /Fd"Debug\vc120.pdb" /Gd /TP /FIstdafx.h /analyze- /errorReport:prompt stdafx.cc
         stdafx.cc
     1>c1xx : fatal error C1083: Cannot open source file: 'stdafx.cc': No such file or directory
     1>Done Building Project "C:\Users\DAnnTheMann\Documents\Visual Studio 2013\Projects\Chrome\src\sandbox\win\sandbox_poc\pocdll\pocdll.vcxproj" (Build target(s)) -- FAILED.

Build FAILED.

Time Elapsed 00:00:00.44
